C:\USERS\EFEB\DOCUMENTS\VISUAL STUDIO 2012\PROJECTS\AR-PROJECT\AR-PROJECT\RELEASE\POSEESTIMATION.OBJ
C:\USERS\EFEB\DOCUMENTS\VISUAL STUDIO 2012\PROJECTS\AR-PROJECT\AR-PROJECT\RELEASE\MARKERTRACKER.OBJ
C:\USERS\EFEB\DOCUMENTS\VISUAL STUDIO 2012\PROJECTS\AR-PROJECT\AR-PROJECT\RELEASE\VC110.PDB
C:\USERS\EFEB\DOCUMENTS\VISUAL STUDIO 2012\PROJECTS\AR-PROJECT\RELEASE\AR-PROJECT.EXE
C:\USERS\EFEB\DOCUMENTS\VISUAL STUDIO 2012\PROJECTS\AR-PROJECT\RELEASE\AR-PROJECT.PDB
c:\Users\EfeB\documents\visual studio 2012\Projects\AR-Project\AR-Project\Release\main.obj
c:\Users\EfeB\documents\visual studio 2012\Projects\AR-Project\AR-Project\Release\MarkerTracker.obj
c:\Users\EfeB\documents\visual studio 2012\Projects\AR-Project\AR-Project\Release\PoseEstimation.obj
c:\Users\EfeB\documents\visual studio 2012\Projects\AR-Project\AR-Project\Release\cl.command.1.tlog
c:\Users\EfeB\documents\visual studio 2012\Projects\AR-Project\AR-Project\Release\CL.read.1.tlog
c:\Users\EfeB\documents\visual studio 2012\Projects\AR-Project\AR-Project\Release\CL.write.1.tlog
c:\Users\EfeB\documents\visual studio 2012\Projects\AR-Project\AR-Project\Release\link-cvtres.read.1.tlog
c:\Users\EfeB\documents\visual studio 2012\Projects\AR-Project\AR-Project\Release\link-cvtres.write.1.tlog
c:\Users\EfeB\documents\visual studio 2012\Projects\AR-Project\AR-Project\Release\link-rc.read.1.tlog
c:\Users\EfeB\documents\visual studio 2012\Projects\AR-Project\AR-Project\Release\link-rc.write.1.tlog
c:\Users\EfeB\documents\visual studio 2012\Projects\AR-Project\AR-Project\Release\link.command.1.tlog
c:\Users\EfeB\documents\visual studio 2012\Projects\AR-Project\AR-Project\Release\link.read.1.tlog
c:\Users\EfeB\documents\visual studio 2012\Projects\AR-Project\AR-Project\Release\link.write.1.tlog
c:\Users\EfeB\documents\visual studio 2012\Projects\AR-Project\AR-Project\Release\vc110.pdb
c:\users\efeb\documents\visual studio 2012\Projects\AR-Project\Release\AR-Project.pdb
c:\users\efeb\documents\visual studio 2012\Projects\AR-Project\Release\AR-Project.exe
